<?xml version="1.0" encoding="UTF-8"?>
<!-- Generated by org.testng.reporters.JUnitReportReporter -->
<testsuite skipped="0" hostname="mmansilla" name="Curso.AutomationII.RunCuckesTest" tests="1" failures="0" timestamp="15 Jan 2018 12:33:51 GMT" time="20.547" errors="0">
  <testcase name="feature" time="20.547" classname="Curso.AutomationII.RunCuckesTest"/>
</testsuite> <!-- Curso.AutomationII.RunCuckesTest -->
